\BOOKMARK [1][-]{section.1}{Introduction}{}% 1
\BOOKMARK [2][-]{subsection.1.1}{Related Work}{section.1}% 2
\BOOKMARK [1][-]{section.2}{System Setup}{}% 3
\BOOKMARK [2][-]{subsection.2.1}{Hardware}{section.2}% 4
\BOOKMARK [3][-]{subsubsection.2.1.1}{Embedded boards}{subsection.2.1}% 5
\BOOKMARK [3][-]{subsubsection.2.1.2}{Connectivity}{subsection.2.1}% 6
\BOOKMARK [3][-]{subsubsection.2.1.3}{Image Acquisition}{subsection.2.1}% 7
\BOOKMARK [2][-]{subsection.2.2}{System Setup}{section.2}% 8
\BOOKMARK [1][-]{section.3}{Object Detection Setup}{}% 9
\BOOKMARK [2][-]{subsection.3.1}{Image Acquisition}{section.3}% 10
\BOOKMARK [3][-]{subsubsection.3.1.1}{Capture rate}{subsection.3.1}% 11
\BOOKMARK [3][-]{subsubsection.3.1.2}{Frame size}{subsection.3.1}% 12
\BOOKMARK [2][-]{subsection.3.2}{Model Selection}{section.3}% 13
\BOOKMARK [3][-]{subsubsection.3.2.1}{SSD Mobilenet}{subsection.3.2}% 14
\BOOKMARK [3][-]{subsubsection.3.2.2}{Faster RCNN}{subsection.3.2}% 15
\BOOKMARK [2][-]{subsection.3.3}{Measures of Interest}{section.3}% 16
\BOOKMARK [2][-]{subsection.3.4}{Preliminary Object Detection Tests}{section.3}% 17
\BOOKMARK [1][-]{section.4}{Design}{}% 18
\BOOKMARK [2][-]{subsection.4.1}{Protocol Overview}{section.4}% 19
\BOOKMARK [2][-]{subsection.4.2}{Prediction Obtainment and Inter-process communication}{section.4}% 20
\BOOKMARK [2][-]{subsection.4.3}{Exchanged Messages}{section.4}% 21
\BOOKMARK [3][-]{subsubsection.4.3.1}{Probe}{subsection.4.3}% 22
\BOOKMARK [3][-]{subsubsection.4.3.2}{Status}{subsection.4.3}% 23
\BOOKMARK [3][-]{subsubsection.4.3.3}{Final Prediction}{subsection.4.3}% 24
\BOOKMARK [3][-]{subsubsection.4.3.4}{Acknowledgement}{subsection.4.3}% 25
\BOOKMARK [3][-]{subsubsection.4.3.5}{Start Round}{subsection.4.3}% 26
\BOOKMARK [2][-]{subsection.4.4}{Communication Strategy}{section.4}% 27
\BOOKMARK [2][-]{subsection.4.5}{Propagation frequency}{section.4}% 28
\BOOKMARK [2][-]{subsection.4.6}{Hosts synchronization}{section.4}% 29
\BOOKMARK [3][-]{subsubsection.4.6.1}{Leader Election}{subsection.4.6}% 30
\BOOKMARK [2][-]{subsection.4.7}{Consensus Protocol}{section.4}% 31
\BOOKMARK [1][-]{section.5}{Experiments}{}% 32
\BOOKMARK [2][-]{subsection.5.1}{Equidistant cameras from different angulations}{section.5}% 33
\BOOKMARK [2][-]{subsection.5.2}{Not equidistant cameras from different angulations}{section.5}% 34
\BOOKMARK [1][-]{section.6}{Dataset}{}% 35
\BOOKMARK [1][-]{section.7}{Baseline Models}{}% 36
\BOOKMARK [1][-]{section.8}{Deep Neural Networks}{}% 37
\BOOKMARK [2][-]{subsection.8.1}{CNN: 2D Convolutional Layers}{section.8}% 38
\BOOKMARK [2][-]{subsection.8.2}{CNN: 1D Convolutional Layers}{section.8}% 39
\BOOKMARK [2][-]{subsection.8.3}{Residual 1D CNN}{section.8}% 40
\BOOKMARK [1][-]{section.9}{Results}{}% 41
\BOOKMARK [1][-]{section.10}{Conclusion}{}% 42
\BOOKMARK [1][-]{section*.7}{References}{}% 43
